<?xml version="1.0" encoding="UTF-8"?>
<!-- Generated by org.testng.reporters.JUnitXMLReporter -->
<testsuite hostname="DESKTOP-NJ9D9LR" ignored="0" name="TestA" tests="3" failures="3" timestamp="2023-04-22T13:55:22 IST" time="0.888" errors="0">
  <testcase name="testA" time="0.016" classname="suiteA.TestA">
    <failure type="java.lang.AssertionError" message="The following asserts failed:
	The titles did not match,
	The Text did not match,
	Invalid data">
      <![CDATA[java.lang.AssertionError: The following asserts failed:
The titles did not match,
The Text did not match,
Invalid data
at testBase.TestBase.failAndStop(TestBase.java:73)
at suiteA.TestA.testA(TestA.java:28)
at java.util.ArrayList.forEach(ArrayList.java:1249)
... Removed 29 stack frames]]>
    </failure>
  </testcase> <!-- testA -->
  <testcase name="testA" time="0.016" classname="suiteA.TestA">
    <failure type="java.lang.AssertionError" message="The following asserts failed:
	The titles did not match,
	The Text did not match,
	Invalid data">
      <![CDATA[java.lang.AssertionError: The following asserts failed:
The titles did not match,
The Text did not match,
Invalid data
at testBase.TestBase.failAndStop(TestBase.java:73)
at suiteA.TestA.testA(TestA.java:28)
at java.util.ArrayList.forEach(ArrayList.java:1249)
... Removed 29 stack frames]]>
    </failure>
  </testcase> <!-- testA -->
  <testcase name="testA" time="0.008" classname="suiteA.TestA">
    <failure type="java.lang.AssertionError" message="The following asserts failed:
	The titles did not match,
	The Text did not match,
	Invalid data">
      <![CDATA[java.lang.AssertionError: The following asserts failed:
The titles did not match,
The Text did not match,
Invalid data
at testBase.TestBase.failAndStop(TestBase.java:73)
at suiteA.TestA.testA(TestA.java:28)
at java.util.ArrayList.forEach(ArrayList.java:1249)
... Removed 29 stack frames]]>
    </failure>
  </testcase> <!-- testA -->
</testsuite> <!-- TestA -->
