<?xml version="1.0" encoding="UTF-8"?>
<testng-results skipped="0" failed="0" ignored="0" total="2" passed="2">
  <reporter-output>
  </reporter-output>
  <suite name="Suite" duration-ms="1414" started-at="2022-08-21T23:34:39 IST" finished-at="2022-08-21T23:34:41 IST">
    <groups>
    </groups>
    <test name="Login Test" duration-ms="1301" started-at="2022-08-21T23:34:39 IST" finished-at="2022-08-21T23:34:41 IST">
      <class name="com.ExtentReport_Generation.LoginTest">
        <test-method status="PASS" signature="initialize()[pri:0, instance:com.ExtentReport_Generation.LoginTest@17579e0f]" name="initialize" is-config="true" duration-ms="419" started-at="2022-08-21T23:34:39 IST" finished-at="2022-08-21T23:34:40 IST">
          <reporter-output>
          </reporter-output>
        </test-method> <!-- initialize -->
        <test-method status="PASS" signature="login()[pri:0, instance:com.ExtentReport_Generation.LoginTest@17579e0f]" name="login" duration-ms="13" started-at="2022-08-21T23:34:40 IST" finished-at="2022-08-21T23:34:40 IST">
          <reporter-output>
          </reporter-output>
        </test-method> <!-- login -->
        <test-method status="PASS" signature="quit()[pri:0, instance:com.ExtentReport_Generation.LoginTest@17579e0f]" name="quit" is-config="true" duration-ms="818" started-at="2022-08-21T23:34:40 IST" finished-at="2022-08-21T23:34:41 IST">
          <reporter-output>
          </reporter-output>
        </test-method> <!-- quit -->
      </class> <!-- com.ExtentReport_Generation.LoginTest -->
    </test> <!-- Login Test -->
    <test name="Reg Test" duration-ms="31" started-at="2022-08-21T23:34:41 IST" finished-at="2022-08-21T23:34:41 IST">
      <class name="com.ExtentReport_Generation.RegTest">
        <test-method status="PASS" signature="initialize()[pri:0, instance:com.ExtentReport_Generation.RegTest@4b553d26]" name="initialize" is-config="true" duration-ms="1" started-at="2022-08-21T23:34:41 IST" finished-at="2022-08-21T23:34:41 IST">
          <reporter-output>
          </reporter-output>
        </test-method> <!-- initialize -->
        <test-method status="PASS" signature="login()[pri:0, instance:com.ExtentReport_Generation.RegTest@4b553d26]" name="login" duration-ms="8" started-at="2022-08-21T23:34:41 IST" finished-at="2022-08-21T23:34:41 IST">
          <reporter-output>
          </reporter-output>
        </test-method> <!-- login -->
        <test-method status="PASS" signature="quit()[pri:0, instance:com.ExtentReport_Generation.RegTest@4b553d26]" name="quit" is-config="true" duration-ms="15" started-at="2022-08-21T23:34:41 IST" finished-at="2022-08-21T23:34:41 IST">
          <reporter-output>
          </reporter-output>
        </test-method> <!-- quit -->
      </class> <!-- com.ExtentReport_Generation.RegTest -->
    </test> <!-- Reg Test -->
  </suite> <!-- Suite -->
</testng-results>
