<?xml version="1.0" encoding="UTF-8"?>
<testng-results skipped="0" failed="0" ignored="0" total="1" passed="1">
  <reporter-output>
  </reporter-output>
  <suite name="Surefire suite" duration-ms="22" started-at="2023-04-05T22:55:56 IST" finished-at="2023-04-05T22:55:56 IST">
    <groups>
    </groups>
    <test name="Surefire test" duration-ms="22" started-at="2023-04-05T22:55:56 IST" finished-at="2023-04-05T22:55:56 IST">
      <class name="testNg.NewProjectTestNg.AppTest">
        <test-method status="PASS" signature="testApp()[pri:0, instance:testApp(testNg.NewProjectTestNg.AppTest)]" name="testApp" duration-ms="3" started-at="2023-04-05T22:55:56 IST" finished-at="2023-04-05T22:55:56 IST">
          <reporter-output>
          </reporter-output>
        </test-method> <!-- testApp -->
      </class> <!-- testNg.NewProjectTestNg.AppTest -->
    </test> <!-- Surefire test -->
  </suite> <!-- Surefire suite -->
</testng-results>
