<?xml version="1.0" encoding="UTF-8"?>
<testng-results skipped="0" failed="0" ignored="0" total="1" passed="1">
  <reporter-output>
  </reporter-output>
  <suite name="Default suite" duration-ms="13892" started-at="2023-07-24T00:58:37 IST" finished-at="2023-07-24T00:58:51 IST">
    <groups>
    </groups>
    <test name="Default test" duration-ms="13892" started-at="2023-07-24T00:58:37 IST" finished-at="2023-07-24T00:58:51 IST">
      <class name="com.POMProject.LoginTest">
        <test-method status="PASS" signature="openBrowser()[pri:0, instance:com.POMProject.LoginTest@2d8f65a4]" name="openBrowser" is-config="true" duration-ms="8456" started-at="2023-07-24T00:58:37 IST" finished-at="2023-07-24T00:58:45 IST">
          <reporter-output>
          </reporter-output>
        </test-method> <!-- openBrowser -->
        <test-method status="PASS" signature="loginTest()[pri:0, instance:com.POMProject.LoginTest@2d8f65a4]" name="loginTest" duration-ms="5345" started-at="2023-07-24T00:58:46 IST" finished-at="2023-07-24T00:58:51 IST">
          <reporter-output>
          </reporter-output>
        </test-method> <!-- loginTest -->
      </class> <!-- com.POMProject.LoginTest -->
    </test> <!-- Default test -->
  </suite> <!-- Default suite -->
</testng-results>
