<?xml version="1.0" encoding="UTF-8"?>
<!-- Generated by org.testng.reporters.JUnitXMLReporter -->
<testsuite hostname="DESKTOP-NJ9D9LR" ignored="0" name="testdepends" tests="4" failures="1" timestamp="2022-10-31T00:28:05 IST" time="0.176" errors="0">
  <testcase name="select" time="0.03" classname="dependsOn.testdepends">
    <failure type="java.lang.AssertionError" message="null">
      <![CDATA[java.lang.AssertionError: null
at dependsOn.testdepends.select(testdepends.java:14)
at java.util.ArrayList.forEach(ArrayList.java:1249)
... Removed 29 stack frames]]>
    </failure>
  </testcase> <!-- select -->
  <testcase name="buyNow" time="0.0" classname="dependsOn.testdepends">
    <skipped/>
  </testcase> <!-- buyNow -->
  <testcase name="checkout" time="0.0" classname="dependsOn.testdepends">
    <skipped/>
  </testcase> <!-- checkout -->
  <testcase name="confirm" time="0.0" classname="dependsOn.testdepends">
    <skipped/>
  </testcase> <!-- confirm -->
</testsuite> <!-- testdepends -->
