<?xml version="1.0" encoding="UTF-8"?>
<testng-results skipped="0" failed="0" ignored="0" total="1" passed="1">
  <reporter-output>
  </reporter-output>
  <suite name="Default suite" duration-ms="17048" started-at="2023-07-13T00:08:56 IST" finished-at="2023-07-13T00:09:13 IST">
    <groups>
    </groups>
    <test name="Default test" duration-ms="17048" started-at="2023-07-13T00:08:56 IST" finished-at="2023-07-13T00:09:13 IST">
      <class name="WebDriver.Commands.actionsAndJavaScriptExe">
        <test-method status="PASS" signature="launchWeb()[pri:0, instance:WebDriver.Commands.actionsAndJavaScriptExe@4d41cee]" name="launchWeb" is-config="true" duration-ms="7424" started-at="2023-07-13T00:08:56 IST" finished-at="2023-07-13T00:09:04 IST">
          <reporter-output>
          </reporter-output>
        </test-method> <!-- launchWeb -->
        <test-method status="PASS" signature="testAmericanGolf()[pri:0, instance:WebDriver.Commands.actionsAndJavaScriptExe@4d41cee]" name="testAmericanGolf" duration-ms="9573" started-at="2023-07-13T00:09:04 IST" finished-at="2023-07-13T00:09:13 IST">
          <reporter-output>
          </reporter-output>
        </test-method> <!-- testAmericanGolf -->
      </class> <!-- WebDriver.Commands.actionsAndJavaScriptExe -->
    </test> <!-- Default test -->
  </suite> <!-- Default suite -->
</testng-results>
